<?xml version="1.0" encoding="UTF-8"?>
<!-- Generated by org.testng.reporters.JUnitReportReporter -->
<testsuite skipped="0" hostname="DESKTOP-D2FNNVA" name="com.supermarket.tests.LoginTest" tests="5" failures="0" timestamp="24 Jun 2022 10:23:49 GMT" time="21.363" errors="0">
  <testcase name="verifyInvalidLoginDataProvider" time="3.189" classname="com.supermarket.tests.LoginTest"/>
  <testcase name="verifyInvalidLoginDataProvider" time="4.246" classname="com.supermarket.tests.LoginTest"/>
  <testcase name="verifyInvalidLoginDataProvider" time="5.528" classname="com.supermarket.tests.LoginTest"/>
  <testcase name="verifyRemembermeisSelected" time="3.936" classname="com.supermarket.tests.LoginTest"/>
  <testcase name="verifyValidLogin" time="4.464" classname="com.supermarket.tests.LoginTest"/>
</testsuite> <!-- com.supermarket.tests.LoginTest -->
