<?xml version="1.0" encoding="UTF-8"?>
<!-- Generated by org.testng.reporters.JUnitReportReporter -->
<testsuite skipped="0" hostname="DESKTOP-D2FNNVA" name="com.supermarket.tests.ManageUsersTest" tests="2" failures="0" timestamp="24 Jun 2022 10:23:49 GMT" time="41.068" errors="0">
  <testcase name="validateUserActivation" time="9.194" classname="com.supermarket.tests.ManageUsersTest"/>
  <testcase name="verifyDeactivatesUser" time="31.874" classname="com.supermarket.tests.ManageUsersTest"/>
</testsuite> <!-- com.supermarket.tests.ManageUsersTest -->
