<?xml version="1.0" encoding="UTF-8"?>
<!-- Generated by org.testng.reporters.JUnitReportReporter -->
<testsuite skipped="0" hostname="DESKTOP-D2FNNVA" name="com.supermarket.tests.PushNotificationsTest" tests="1" failures="0" timestamp="24 Jun 2022 10:23:49 GMT" time="6.171" errors="0">
  <testcase name="verifySendPushNotification" time="6.171" classname="com.supermarket.tests.PushNotificationsTest"/>
</testsuite> <!-- com.supermarket.tests.PushNotificationsTest -->
