<?xml version="1.0" encoding="UTF-8"?>
<!-- Generated by org.testng.reporters.JUnitReportReporter -->
<testsuite skipped="0" hostname="DESKTOP-D2FNNVA" name="com.supermarket.tests.ManageExpenseTest" tests="1" failures="0" timestamp="27 Jun 2022 18:16:29 GMT" time="6.639" errors="0">
  <testcase name="verifyDeleteExpenseCategory" time="6.639" classname="com.supermarket.tests.ManageExpenseTest"/>
</testsuite> <!-- com.supermarket.tests.ManageExpenseTest -->
