<?xml version="1.0" encoding="UTF-8"?>
<!-- Generated by org.testng.reporters.JUnitReportReporter -->
<testsuite skipped="0" hostname="DESKTOP-D2FNNVA" name="com.supermarket.tests.DashboardTest" tests="1" failures="0" timestamp="23 Jun 2022 14:40:04 GMT" time="7.513" errors="0">
  <testcase name="verifyIsProfileBroken" time="7.513" classname="com.supermarket.tests.DashboardTest"/>
</testsuite> <!-- com.supermarket.tests.DashboardTest -->
