<?xml version="1.0" encoding="UTF-8"?>
<!-- Generated by org.testng.reporters.JUnitReportReporter -->
<testsuite skipped="0" hostname="DESKTOP-D2FNNVA" name="com.supermarket.tests.ManageProductTest" tests="1" failures="0" timestamp="24 Jun 2022 10:23:49 GMT" time="15.281" errors="0">
  <testcase name="verifyProductCreation" time="15.281" classname="com.supermarket.tests.ManageProductTest"/>
</testsuite> <!-- com.supermarket.tests.ManageProductTest -->
